c:\users\dima\documents\visual studio 2013\projects\coursach2.0_oop\coursework_2\coursach_2.0\debug\vc120.pdb
c:\users\dima\documents\visual studio 2013\projects\coursach2.0_oop\coursework_2\coursach_2.0\debug\vc120.idb
c:\users\dima\documents\visual studio 2013\projects\coursach2.0_oop\coursework_2\coursach_2.0\debug\admin.obj
c:\users\dima\documents\visual studio 2013\projects\coursach2.0_oop\coursework_2\coursach_2.0\debug\main.obj
c:\users\dima\documents\visual studio 2013\projects\coursach2.0_oop\coursework_2\coursach_2.0\debug\sourceclient.obj
c:\users\dima\documents\visual studio 2013\projects\coursach2.0_oop\coursework_2\coursach_2.0\debug\sourcecourier.obj
c:\users\dima\documents\visual studio 2013\projects\coursach2.0_oop\coursework_2\coursach_2.0\debug\sourceordercpp.obj
c:\users\dima\documents\visual studio 2013\projects\coursach2.0_oop\coursework_2\coursach_2.0\debug\sourceproduct.obj
c:\users\user\desktop\coursach2.0_oop-master\coursework_2\coursach_2.0\debug\vc141.pdb
c:\users\user\desktop\coursach2.0_oop-master\coursework_2\coursach_2.0\debug\vc141.idb
c:\users\user\desktop\coursach2.0_oop-master\coursework_2\coursach_2.0\debug\admin.obj
c:\users\user\desktop\coursach2.0_oop-master\coursework_2\coursach_2.0\debug\main.obj
c:\users\user\desktop\coursach2.0_oop-master\coursework_2\coursach_2.0\debug\sourceclient.obj
c:\users\user\desktop\coursach2.0_oop-master\coursework_2\coursach_2.0\debug\sourcecourier.obj
c:\users\user\desktop\coursach2.0_oop-master\coursework_2\coursach_2.0\debug\sourceordercpp.obj
c:\users\user\desktop\coursach2.0_oop-master\coursework_2\coursach_2.0\debug\sourceproduct.obj
c:\users\dima\documents\visual studio 2013\projects\coursach2.0_oop\coursework_2\debug\coursach_2.0.ilk
c:\users\dima\documents\visual studio 2013\projects\coursach2.0_oop\coursework_2\debug\coursach_2.0.exe
c:\users\dima\documents\visual studio 2013\projects\coursach2.0_oop\coursework_2\debug\coursach_2.0.pdb
c:\users\user\desktop\coursach2.0_oop-master\coursework_2\debug\coursach_2.0.ilk
c:\users\user\desktop\coursach2.0_oop-master\coursework_2\debug\coursach_2.0.exe
c:\users\user\desktop\coursach2.0_oop-master\coursework_2\debug\coursach_2.0.pdb
c:\users\user\desktop\coursach2.0_oop-master\coursework_2\coursach_2.0\debug\source.obj
c:\users\user\desktop\coursach2.0_oop-master\coursework_2\coursach_2.0\debug\sourceorder.obj
c:\users\user\desktop\coursach2.0_oop-master\coursework_2\coursach_2.0\debug\vc120.idb
c:\users\user\desktop\coursach2.0_oop-master\coursework_2\coursach_2.0\debug\vc120.pdb
c:\users\user\desktop\coursach2.0_oop-master\coursework_2\coursach_2.0\debug\coursach_2.0.tlog\cl.command.1.tlog
c:\users\user\desktop\coursach2.0_oop-master\coursework_2\coursach_2.0\debug\coursach_2.0.tlog\cl.read.1.tlog
c:\users\user\desktop\coursach2.0_oop-master\coursework_2\coursach_2.0\debug\coursach_2.0.tlog\cl.write.1.tlog
c:\users\user\desktop\coursach2.0_oop-master\coursework_2\coursach_2.0\debug\coursach_2.0.tlog\link.command.1.tlog
c:\users\user\desktop\coursach2.0_oop-master\coursework_2\coursach_2.0\debug\coursach_2.0.tlog\link.delete.1.tlog
c:\users\user\desktop\coursach2.0_oop-master\coursework_2\coursach_2.0\debug\coursach_2.0.tlog\link.read.1.tlog
c:\users\user\desktop\coursach2.0_oop-master\coursework_2\coursach_2.0\debug\coursach_2.0.tlog\link.write.1.tlog
